2024-08-25 14:03:10,265 - main - INFO - Starting up the application
2024-08-25 14:03:10,265 - main - INFO - Starting cache update
2024-08-25 14:03:10,265 - main - INFO - Fetching transactions for wallet: 0xd3e70282420e6349ba3146bc299c4943f9782667
2024-08-25 14:03:12,838 - main - INFO - Successfully fetched 1470 transactions for 0xd3e70282420e6349ba3146bc299c4943f9782667
2024-08-25 14:03:18,840 - main - INFO - Fetching transactions for wallet: 0x1e198ad0608476efa952de1cd8e574db68df5f16
2024-08-25 14:03:27,627 - main - INFO - Successfully fetched 10000 transactions for 0x1e198ad0608476efa952de1cd8e574db68df5f16
2024-08-25 14:03:33,629 - main - INFO - Fetching transactions for wallet: 0xd172b9c227361fcf6151e802e1f09c084964bdcd
2024-08-25 14:03:42,479 - main - INFO - Successfully fetched 7561 transactions for 0xd172b9c227361fcf6151e802e1f09c084964bdcd
2024-08-25 14:03:48,481 - main - INFO - Fetching transactions for wallet: 0xd0d96d8ad9c5f92b66a3b0d721c70d31da582c38
2024-08-25 14:03:50,333 - main - INFO - Successfully fetched 941 transactions for 0xd0d96d8ad9c5f92b66a3b0d721c70d31da582c38
2024-08-25 14:03:56,335 - main - INFO - Cache updated successfully for 4 wallets
2024-08-25 14:03:56,335 - main - INFO - Next cache update in 18000 seconds
2024-08-25 14:04:18,773 - main - INFO - Received request for firms summary
2024-08-25 14:04:18,774 - main - INFO - Processing transactions for wallet: 0xd3e70282420e6349ba3146bc299c4943f9782667
2024-08-25 14:04:18,782 - main - INFO - Processed 1352 transactions for wallet: 0xd3e70282420e6349ba3146bc299c4943f9782667
2024-08-25 14:04:18,782 - main - INFO - Processing transactions for wallet: 0x1e198ad0608476efa952de1cd8e574db68df5f16
2024-08-25 14:04:18,816 - main - INFO - Processed 9956 transactions for wallet: 0x1e198ad0608476efa952de1cd8e574db68df5f16
2024-08-25 14:04:18,817 - main - INFO - Processing transactions for wallet: 0xd172b9c227361fcf6151e802e1f09c084964bdcd
2024-08-25 14:04:18,855 - main - INFO - Processed 7365 transactions for wallet: 0xd172b9c227361fcf6151e802e1f09c084964bdcd
2024-08-25 14:04:18,856 - main - INFO - Processing transactions for wallet: 0xd0d96d8ad9c5f92b66a3b0d721c70d31da582c38
2024-08-25 14:04:18,858 - main - INFO - Processed 850 transactions for wallet: 0xd0d96d8ad9c5f92b66a3b0d721c70d31da582c38
2024-08-25 14:04:18,858 - main - INFO - Returning summaries for 4 firms
2024-08-25 14:04:58,673 - main - INFO - Starting up the application
2024-08-25 14:04:58,673 - main - INFO - Starting cache update
2024-08-25 14:04:58,673 - main - INFO - Fetching transactions for wallet: 0xd3e70282420e6349ba3146bc299c4943f9782667
2024-08-25 14:05:01,828 - main - INFO - Successfully fetched 1470 transactions for 0xd3e70282420e6349ba3146bc299c4943f9782667
2024-08-25 14:05:02,551 - main - INFO - Received request for firms summary
2024-08-25 14:05:02,551 - main - WARNING - No cached transactions for wallet: 0xd3e70282420e6349ba3146bc299c4943f9782667. Fetching from API.
2024-08-25 14:05:02,551 - main - INFO - Fetching transactions for wallet: 0xd3e70282420e6349ba3146bc299c4943f9782667
2024-08-25 14:05:03,738 - main - ERROR - API Error for 0xd3e70282420e6349ba3146bc299c4943f9782667: {'status': '0', 'message': 'NOTOK', 'result': 'Max rate limit reached, please use API Key for higher rate limit'}
2024-08-25 14:05:07,829 - main - INFO - Fetching transactions for wallet: 0x1e198ad0608476efa952de1cd8e574db68df5f16
2024-08-25 14:05:09,740 - main - INFO - Processing transactions for wallet: 0xd3e70282420e6349ba3146bc299c4943f9782667
2024-08-25 14:05:09,740 - main - WARNING - No outgoing transactions found for wallet: 0xd3e70282420e6349ba3146bc299c4943f9782667
2024-08-25 14:05:09,740 - main - WARNING - No cached transactions for wallet: 0x1e198ad0608476efa952de1cd8e574db68df5f16. Fetching from API.
2024-08-25 14:05:09,740 - main - INFO - Fetching transactions for wallet: 0x1e198ad0608476efa952de1cd8e574db68df5f16
2024-08-25 14:05:10,930 - main - ERROR - API Error for 0x1e198ad0608476efa952de1cd8e574db68df5f16: {'status': '0', 'message': 'NOTOK', 'result': 'Max rate limit reached, please use API Key for higher rate limit'}
2024-08-25 14:05:12,698 - main - INFO - Successfully fetched 10000 transactions for 0x1e198ad0608476efa952de1cd8e574db68df5f16
2024-08-25 14:05:16,932 - main - INFO - Processing transactions for wallet: 0x1e198ad0608476efa952de1cd8e574db68df5f16
2024-08-25 14:05:16,932 - main - WARNING - No outgoing transactions found for wallet: 0x1e198ad0608476efa952de1cd8e574db68df5f16
2024-08-25 14:05:16,932 - main - INFO - Returning summaries for 0 firms
2024-08-25 14:05:18,700 - main - INFO - Cache updated successfully for 2 wallets
2024-08-25 14:05:18,700 - main - INFO - Next cache update in 18000 seconds
2024-08-25 14:06:56,663 - main - INFO - Received request for firms summary
2024-08-25 14:06:56,663 - main - INFO - Processing transactions for wallet: 0xd3e70282420e6349ba3146bc299c4943f9782667
2024-08-25 14:06:56,667 - main - INFO - Processed 1352 transactions for wallet: 0xd3e70282420e6349ba3146bc299c4943f9782667
2024-08-25 14:06:56,667 - main - INFO - Processing transactions for wallet: 0x1e198ad0608476efa952de1cd8e574db68df5f16
2024-08-25 14:06:56,703 - main - INFO - Processed 9956 transactions for wallet: 0x1e198ad0608476efa952de1cd8e574db68df5f16
2024-08-25 14:06:56,704 - main - INFO - Returning summaries for 2 firms
2024-08-25 14:07:19,321 - main - INFO - Received request for firms summary
2024-08-25 14:07:19,322 - main - INFO - Processing transactions for wallet: 0xd3e70282420e6349ba3146bc299c4943f9782667
2024-08-25 14:07:19,327 - main - INFO - Processed 1352 transactions for wallet: 0xd3e70282420e6349ba3146bc299c4943f9782667
2024-08-25 14:07:19,328 - main - INFO - Processing transactions for wallet: 0x1e198ad0608476efa952de1cd8e574db68df5f16
2024-08-25 14:07:19,370 - main - INFO - Processed 9956 transactions for wallet: 0x1e198ad0608476efa952de1cd8e574db68df5f16
2024-08-25 14:07:19,370 - main - INFO - Returning summaries for 2 firms
2024-08-25 14:07:30,353 - main - INFO - Received request for firms summary
2024-08-25 14:07:30,353 - main - INFO - Processing transactions for wallet: 0xd3e70282420e6349ba3146bc299c4943f9782667
2024-08-25 14:07:30,357 - main - INFO - Processed 1352 transactions for wallet: 0xd3e70282420e6349ba3146bc299c4943f9782667
2024-08-25 14:07:30,357 - main - INFO - Processing transactions for wallet: 0x1e198ad0608476efa952de1cd8e574db68df5f16
2024-08-25 14:07:30,387 - main - INFO - Processed 9956 transactions for wallet: 0x1e198ad0608476efa952de1cd8e574db68df5f16
2024-08-25 14:07:30,388 - main - INFO - Returning summaries for 2 firms
2024-08-25 14:07:50,667 - main - INFO - Starting up the application
2024-08-25 14:07:50,668 - main - INFO - Starting cache update
2024-08-25 14:07:50,668 - main - INFO - Fetching transactions for wallet: 0xd3e70282420e6349ba3146bc299c4943f9782667
2024-08-25 14:07:54,679 - main - INFO - Successfully fetched 1470 transactions for 0xd3e70282420e6349ba3146bc299c4943f9782667
2024-08-25 14:08:00,373 - main - INFO - Received request for firms summary
2024-08-25 14:08:00,373 - main - WARNING - No cached transactions for wallet: 0xd3e70282420e6349ba3146bc299c4943f9782667. Fetching from API.
2024-08-25 14:08:00,373 - main - INFO - Fetching transactions for wallet: 0xd3e70282420e6349ba3146bc299c4943f9782667
2024-08-25 14:08:00,681 - main - INFO - Cache updated successfully for 1 wallets
2024-08-25 14:08:00,681 - main - INFO - Next cache update in 18000 seconds
2024-08-25 14:08:03,045 - main - INFO - Successfully fetched 1470 transactions for 0xd3e70282420e6349ba3146bc299c4943f9782667
2024-08-25 14:08:09,046 - main - INFO - Processing transactions for wallet: 0xd3e70282420e6349ba3146bc299c4943f9782667
2024-08-25 14:08:09,051 - main - INFO - Processed 1352 transactions for wallet: 0xd3e70282420e6349ba3146bc299c4943f9782667
2024-08-25 14:08:09,052 - main - INFO - Returning summaries for 1 firms
2024-08-25 14:08:09,223 - main - INFO - Received request for firms summary
2024-08-25 14:08:09,223 - main - INFO - Processing transactions for wallet: 0xd3e70282420e6349ba3146bc299c4943f9782667
2024-08-25 14:08:09,227 - main - INFO - Processed 1352 transactions for wallet: 0xd3e70282420e6349ba3146bc299c4943f9782667
2024-08-25 14:08:09,228 - main - INFO - Returning summaries for 1 firms
2024-08-25 14:08:29,920 - main - INFO - Received request for firms summary
2024-08-25 14:08:29,920 - main - INFO - Processing transactions for wallet: 0xd3e70282420e6349ba3146bc299c4943f9782667
2024-08-25 14:08:29,927 - main - INFO - Processed 1352 transactions for wallet: 0xd3e70282420e6349ba3146bc299c4943f9782667
2024-08-25 14:08:29,928 - main - INFO - Returning summaries for 1 firms
2024-08-25 14:11:10,030 - main - INFO - Starting up the application
2024-08-25 14:11:10,030 - main - INFO - Starting cache update
2024-08-25 14:11:10,030 - main - INFO - Fetching transactions for wallet: 0xd3e70282420e6349ba3146bc299c4943f9782667
2024-08-25 14:11:13,622 - main - INFO - Successfully fetched 1470 transactions for 0xd3e70282420e6349ba3146bc299c4943f9782667
2024-08-25 14:11:19,623 - main - INFO - Fetching transactions for wallet: 0x1e198ad0608476efa952de1cd8e574db68df5f16
2024-08-25 14:11:30,737 - main - INFO - Successfully fetched 10000 transactions for 0x1e198ad0608476efa952de1cd8e574db68df5f16
2024-08-25 14:11:36,739 - main - INFO - Fetching transactions for wallet: 0xd172b9c227361fcf6151e802e1f09c084964bdcd
2024-08-25 14:11:43,534 - main - INFO - Successfully fetched 7561 transactions for 0xd172b9c227361fcf6151e802e1f09c084964bdcd
2024-08-25 14:11:49,536 - main - INFO - Fetching transactions for wallet: 0xd0d96d8ad9c5f92b66a3b0d721c70d31da582c38
2024-08-25 14:11:53,040 - main - INFO - Successfully fetched 941 transactions for 0xd0d96d8ad9c5f92b66a3b0d721c70d31da582c38
2024-08-25 14:22:32,752 - main - INFO - Starting up the application
2024-08-25 14:22:32,753 - main - INFO - Starting cache update
2024-08-25 14:22:32,753 - main - INFO - Fetching transactions for wallet: 0xd3e70282420e6349ba3146bc299c4943f9782667
2024-08-25 14:22:36,425 - main - INFO - Successfully fetched 1470 transactions for 0xd3e70282420e6349ba3146bc299c4943f9782667
2024-08-25 14:22:36,425 - main - INFO - Processing transactions for wallet: 0xd3e70282420e6349ba3146bc299c4943f9782667
2024-08-25 14:22:36,434 - main - INFO - Processed 1352 transactions for wallet: 0xd3e70282420e6349ba3146bc299c4943f9782667
2024-08-25 14:22:36,434 - main - INFO - Updated cache for wallet: 0xd3e70282420e6349ba3146bc299c4943f9782667
2024-08-25 14:22:36,434 - main - INFO - Fetching transactions for wallet: 0x1e198ad0608476efa952de1cd8e574db68df5f16
2024-08-25 14:22:39,190 - main - ERROR - API Error for 0x1e198ad0608476efa952de1cd8e574db68df5f16: {'status': '0', 'message': 'NOTOK', 'result': 'Max rate limit reached, please use API Key for higher rate limit'}
2024-08-25 14:22:39,194 - main - INFO - Processing transactions for wallet: 0x1e198ad0608476efa952de1cd8e574db68df5f16
2024-08-25 14:22:39,195 - main - WARNING - No outgoing transactions found for wallet: 0x1e198ad0608476efa952de1cd8e574db68df5f16
2024-08-25 14:22:39,195 - main - WARNING - No summary generated for wallet: 0x1e198ad0608476efa952de1cd8e574db68df5f16
2024-08-25 14:22:39,195 - main - INFO - Fetching transactions for wallet: 0xd172b9c227361fcf6151e802e1f09c084964bdcd
2024-08-25 14:22:50,183 - main - INFO - Successfully fetched 7561 transactions for 0xd172b9c227361fcf6151e802e1f09c084964bdcd
2024-08-25 14:22:50,184 - main - INFO - Processing transactions for wallet: 0xd172b9c227361fcf6151e802e1f09c084964bdcd
2024-08-25 14:22:50,207 - main - INFO - Processed 7365 transactions for wallet: 0xd172b9c227361fcf6151e802e1f09c084964bdcd
2024-08-25 14:22:50,208 - main - INFO - Updated cache for wallet: 0xd172b9c227361fcf6151e802e1f09c084964bdcd
2024-08-25 14:22:50,208 - main - INFO - Fetching transactions for wallet: 0xd0d96d8ad9c5f92b66a3b0d721c70d31da582c38
2024-08-25 14:22:56,202 - main - INFO - Successfully fetched 941 transactions for 0xd0d96d8ad9c5f92b66a3b0d721c70d31da582c38
2024-08-25 14:22:56,205 - main - INFO - Processing transactions for wallet: 0xd0d96d8ad9c5f92b66a3b0d721c70d31da582c38
2024-08-25 14:22:56,207 - main - INFO - Processed 850 transactions for wallet: 0xd0d96d8ad9c5f92b66a3b0d721c70d31da582c38
2024-08-25 14:22:56,208 - main - INFO - Updated cache for wallet: 0xd0d96d8ad9c5f92b66a3b0d721c70d31da582c38
2024-08-25 14:22:56,208 - main - INFO - Cache update completed. Next update in 18000 seconds
2024-08-25 14:23:05,452 - main - INFO - Received request for firms summary
2024-08-25 14:23:05,453 - main - WARNING - No cached summary for wallet: 0x1e198ad0608476efa952de1cd8e574db68df5f16. Fetching and processing...
2024-08-25 14:23:05,453 - main - INFO - Fetching transactions for wallet: 0x1e198ad0608476efa952de1cd8e574db68df5f16
2024-08-25 14:23:09,915 - main - INFO - Successfully fetched 10000 transactions for 0x1e198ad0608476efa952de1cd8e574db68df5f16
2024-08-25 14:23:09,915 - main - INFO - Processing transactions for wallet: 0x1e198ad0608476efa952de1cd8e574db68df5f16
2024-08-25 14:23:09,959 - main - INFO - Processed 9956 transactions for wallet: 0x1e198ad0608476efa952de1cd8e574db68df5f16
2024-08-25 14:23:09,960 - main - INFO - Returning summaries for 4 firms
2024-08-25 14:23:24,686 - main - INFO - Received request for firms summary
2024-08-25 14:23:24,687 - main - INFO - Returning summaries for 4 firms
2024-08-25 14:23:27,407 - main - INFO - Received request for firms summary
2024-08-25 14:23:27,408 - main - INFO - Returning summaries for 4 firms
2024-08-25 14:23:28,608 - main - INFO - Received request for firms summary
2024-08-25 14:23:28,608 - main - INFO - Returning summaries for 4 firms
2024-08-25 14:28:03,905 - main - INFO - Starting up the application
2024-08-25 14:28:03,906 - main - INFO - Starting cache update
2024-08-25 14:28:03,906 - main - INFO - Fetching transactions for wallet: 0xd3e70282420e6349ba3146bc299c4943f9782667
2024-08-25 14:28:05,768 - main - INFO - Successfully fetched 1470 transactions for 0xd3e70282420e6349ba3146bc299c4943f9782667
2024-08-25 14:28:05,769 - main - INFO - Processing transactions for wallet: 0xd3e70282420e6349ba3146bc299c4943f9782667
2024-08-25 14:28:05,777 - main - INFO - Processed 1352 transactions for wallet: 0xd3e70282420e6349ba3146bc299c4943f9782667
2024-08-25 14:28:05,777 - main - INFO - Updated cache for wallet: 0xd3e70282420e6349ba3146bc299c4943f9782667
2024-08-25 14:28:05,777 - main - INFO - Fetching transactions for wallet: 0x1e198ad0608476efa952de1cd8e574db68df5f16
2024-08-25 14:28:06,523 - main - ERROR - API Error for 0x1e198ad0608476efa952de1cd8e574db68df5f16: {'status': '0', 'message': 'NOTOK', 'result': 'Max rate limit reached, please use API Key for higher rate limit'}
2024-08-25 14:28:06,524 - main - INFO - Processing transactions for wallet: 0x1e198ad0608476efa952de1cd8e574db68df5f16
2024-08-25 14:28:06,524 - main - WARNING - No outgoing transactions found for wallet: 0x1e198ad0608476efa952de1cd8e574db68df5f16
2024-08-25 14:28:06,524 - main - WARNING - No summary generated for wallet: 0x1e198ad0608476efa952de1cd8e574db68df5f16
2024-08-25 14:28:06,524 - main - INFO - Fetching transactions for wallet: 0xd172b9c227361fcf6151e802e1f09c084964bdcd
2024-08-25 14:28:07,378 - main - ERROR - API Error for 0xd172b9c227361fcf6151e802e1f09c084964bdcd: {'status': '0', 'message': 'NOTOK', 'result': 'Max rate limit reached, please use API Key for higher rate limit'}
2024-08-25 14:28:07,379 - main - INFO - Processing transactions for wallet: 0xd172b9c227361fcf6151e802e1f09c084964bdcd
2024-08-25 14:28:07,379 - main - WARNING - No outgoing transactions found for wallet: 0xd172b9c227361fcf6151e802e1f09c084964bdcd
2024-08-25 14:28:07,379 - main - WARNING - No summary generated for wallet: 0xd172b9c227361fcf6151e802e1f09c084964bdcd
2024-08-25 14:28:07,379 - main - INFO - Fetching transactions for wallet: 0xd0d96d8ad9c5f92b66a3b0d721c70d31da582c38
2024-08-25 14:28:08,273 - main - ERROR - API Error for 0xd0d96d8ad9c5f92b66a3b0d721c70d31da582c38: {'status': '0', 'message': 'NOTOK', 'result': 'Max rate limit reached, please use API Key for higher rate limit'}
2024-08-25 14:28:08,274 - main - INFO - Processing transactions for wallet: 0xd0d96d8ad9c5f92b66a3b0d721c70d31da582c38
2024-08-25 14:28:08,274 - main - WARNING - No outgoing transactions found for wallet: 0xd0d96d8ad9c5f92b66a3b0d721c70d31da582c38
2024-08-25 14:28:08,274 - main - WARNING - No summary generated for wallet: 0xd0d96d8ad9c5f92b66a3b0d721c70d31da582c38
2024-08-25 14:28:08,274 - main - INFO - Cache update completed. Next update in 18000 seconds
2024-08-25 14:30:49,946 - main - INFO - Starting up the application
2024-08-25 14:30:49,946 - main - INFO - Starting cache update
2024-08-25 14:30:49,946 - main - INFO - Fetching transactions for wallet: 0xd3e70282420e6349ba3146bc299c4943f9782667
2024-08-25 14:30:52,493 - main - INFO - Starting up the application
2024-08-25 14:30:52,493 - main - INFO - Starting cache update
2024-08-25 14:30:52,493 - main - INFO - Fetching transactions for wallet: 0xd3e70282420e6349ba3146bc299c4943f9782667
2024-08-25 14:30:55,163 - main - INFO - Successfully fetched 1470 transactions for 0xd3e70282420e6349ba3146bc299c4943f9782667
2024-08-25 14:30:55,163 - main - INFO - Processing transactions for wallet: 0xd3e70282420e6349ba3146bc299c4943f9782667
2024-08-25 14:30:55,168 - main - INFO - Processed 1352 transactions for wallet: 0xd3e70282420e6349ba3146bc299c4943f9782667
2024-08-25 14:30:55,169 - main - INFO - Updated cache for wallet: 0xd3e70282420e6349ba3146bc299c4943f9782667
2024-08-25 14:30:56,494 - main - INFO - Fetching transactions for wallet: 0x1e198ad0608476efa952de1cd8e574db68df5f16
2024-08-25 14:30:58,647 - main - ERROR - API Error for 0x1e198ad0608476efa952de1cd8e574db68df5f16: {'status': '0', 'message': 'NOTOK', 'result': 'Max rate limit reached, please use API Key for higher rate limit'}
2024-08-25 14:30:58,649 - main - INFO - Processing transactions for wallet: 0x1e198ad0608476efa952de1cd8e574db68df5f16
2024-08-25 14:30:58,650 - main - WARNING - No outgoing transactions found for wallet: 0x1e198ad0608476efa952de1cd8e574db68df5f16
2024-08-25 14:30:58,650 - main - WARNING - No summary generated for wallet: 0x1e198ad0608476efa952de1cd8e574db68df5f16
2024-08-25 14:31:00,495 - main - INFO - Fetching transactions for wallet: 0xd172b9c227361fcf6151e802e1f09c084964bdcd
2024-08-25 14:31:08,957 - main - INFO - Successfully fetched 7561 transactions for 0xd172b9c227361fcf6151e802e1f09c084964bdcd
2024-08-25 14:31:08,957 - main - INFO - Processing transactions for wallet: 0xd172b9c227361fcf6151e802e1f09c084964bdcd
2024-08-25 14:31:08,984 - main - INFO - Processed 7365 transactions for wallet: 0xd172b9c227361fcf6151e802e1f09c084964bdcd
2024-08-25 14:31:08,985 - main - INFO - Updated cache for wallet: 0xd172b9c227361fcf6151e802e1f09c084964bdcd
2024-08-25 14:31:08,985 - main - INFO - Fetching transactions for wallet: 0xd0d96d8ad9c5f92b66a3b0d721c70d31da582c38
2024-08-25 14:31:11,143 - main - INFO - Successfully fetched 941 transactions for 0xd0d96d8ad9c5f92b66a3b0d721c70d31da582c38
2024-08-25 14:31:11,146 - main - INFO - Processing transactions for wallet: 0xd0d96d8ad9c5f92b66a3b0d721c70d31da582c38
2024-08-25 14:31:11,150 - main - INFO - Processed 850 transactions for wallet: 0xd0d96d8ad9c5f92b66a3b0d721c70d31da582c38
2024-08-25 14:31:11,150 - main - INFO - Updated cache for wallet: 0xd0d96d8ad9c5f92b66a3b0d721c70d31da582c38
2024-08-25 14:31:11,150 - main - INFO - Cache update completed. Next update in 18000 seconds
2024-08-25 14:31:32,176 - main - INFO - Received request for firms summary
2024-08-25 14:31:32,177 - main - WARNING - No cached summary for wallet: 0x1e198ad0608476efa952de1cd8e574db68df5f16. Fetching and processing...
2024-08-25 14:31:32,177 - main - INFO - Fetching transactions for wallet: 0x1e198ad0608476efa952de1cd8e574db68df5f16
2024-08-25 14:31:38,991 - main - INFO - Successfully fetched 10000 transactions for 0x1e198ad0608476efa952de1cd8e574db68df5f16
2024-08-25 14:31:38,991 - main - INFO - Processing transactions for wallet: 0x1e198ad0608476efa952de1cd8e574db68df5f16
2024-08-25 14:31:39,033 - main - INFO - Processed 9956 transactions for wallet: 0x1e198ad0608476efa952de1cd8e574db68df5f16
2024-08-25 14:31:39,034 - main - INFO - Returning summaries for 4 firms
2024-08-25 19:04:59,562 - main - INFO - Starting up the application
2024-08-25 19:04:59,562 - main - INFO - Starting cache update
2024-08-25 19:04:59,562 - main - INFO - Fetching transactions for wallet: 0xd3e70282420e6349ba3146bc299c4943f9782667
2024-08-25 19:05:01,810 - main - INFO - Successfully fetched 1470 transactions for 0xd3e70282420e6349ba3146bc299c4943f9782667
2024-08-25 19:05:01,810 - main - INFO - Processing transactions for wallet: 0xd3e70282420e6349ba3146bc299c4943f9782667
2024-08-25 19:05:01,816 - main - INFO - Processed 1352 transactions for wallet: 0xd3e70282420e6349ba3146bc299c4943f9782667
2024-08-25 19:05:01,816 - main - INFO - Updated cache for wallet: 0xd3e70282420e6349ba3146bc299c4943f9782667
2024-08-25 19:05:03,563 - main - INFO - Fetching transactions for wallet: 0x1e198ad0608476efa952de1cd8e574db68df5f16
2024-08-25 19:05:04,637 - main - ERROR - API Error for 0x1e198ad0608476efa952de1cd8e574db68df5f16: {'status': '0', 'message': 'NOTOK', 'result': 'Max rate limit reached, please use API Key for higher rate limit'}
2024-08-25 19:05:04,640 - main - INFO - Processing transactions for wallet: 0x1e198ad0608476efa952de1cd8e574db68df5f16
2024-08-25 19:05:04,641 - main - WARNING - No outgoing transactions found for wallet: 0x1e198ad0608476efa952de1cd8e574db68df5f16
2024-08-25 19:05:04,641 - main - WARNING - No summary generated for wallet: 0x1e198ad0608476efa952de1cd8e574db68df5f16
2024-08-25 19:05:07,564 - main - INFO - Fetching transactions for wallet: 0xd172b9c227361fcf6151e802e1f09c084964bdcd
2024-08-25 19:05:14,828 - main - INFO - Successfully fetched 7561 transactions for 0xd172b9c227361fcf6151e802e1f09c084964bdcd
2024-08-25 19:05:14,829 - main - INFO - Processing transactions for wallet: 0xd172b9c227361fcf6151e802e1f09c084964bdcd
2024-08-25 19:05:14,852 - main - INFO - Processed 7365 transactions for wallet: 0xd172b9c227361fcf6151e802e1f09c084964bdcd
2024-08-25 19:05:14,853 - main - INFO - Updated cache for wallet: 0xd172b9c227361fcf6151e802e1f09c084964bdcd
2024-08-25 19:05:14,853 - main - INFO - Fetching transactions for wallet: 0xd0d96d8ad9c5f92b66a3b0d721c70d31da582c38
2024-08-25 19:05:19,899 - main - INFO - Successfully fetched 941 transactions for 0xd0d96d8ad9c5f92b66a3b0d721c70d31da582c38
2024-08-25 19:05:19,906 - main - INFO - Processing transactions for wallet: 0xd0d96d8ad9c5f92b66a3b0d721c70d31da582c38
2024-08-25 19:05:19,911 - main - INFO - Processed 850 transactions for wallet: 0xd0d96d8ad9c5f92b66a3b0d721c70d31da582c38
2024-08-25 19:05:19,911 - main - INFO - Updated cache for wallet: 0xd0d96d8ad9c5f92b66a3b0d721c70d31da582c38
2024-08-25 19:05:19,911 - main - INFO - Fetching transactions for wallet: 0x5534a2237f866f3089901a7d17f0e50dd7824c8de
2024-08-25 19:05:20,874 - main - ERROR - API Error for 0x5534a2237f866f3089901a7d17f0e50dd7824c8de: {'status': '0', 'message': 'NOTOK', 'result': 'Max rate limit reached, please use API Key for higher rate limit'}
2024-08-25 19:05:20,875 - main - INFO - Processing transactions for wallet: 0x5534a2237f866f3089901a7d17f0e50dd7824c8de
2024-08-25 19:05:20,875 - main - WARNING - No outgoing transactions found for wallet: 0x5534a2237f866f3089901a7d17f0e50dd7824c8de
2024-08-25 19:05:20,875 - main - WARNING - No summary generated for wallet: 0x5534a2237f866f3089901a7d17f0e50dd7824c8de
2024-08-25 19:05:23,913 - main - INFO - Fetching transactions for wallet: 0xd19e945eeea57475b791c20112ebb4b628f5b95c
2024-08-25 19:05:27,282 - main - INFO - Successfully fetched 2117 transactions for 0xd19e945eeea57475b791c20112ebb4b628f5b95c
2024-08-25 19:05:27,283 - main - INFO - Processing transactions for wallet: 0xd19e945eeea57475b791c20112ebb4b628f5b95c
2024-08-25 19:05:27,294 - main - INFO - Processed 2027 transactions for wallet: 0xd19e945eeea57475b791c20112ebb4b628f5b95c
2024-08-25 19:05:27,294 - main - INFO - Updated cache for wallet: 0xd19e945eeea57475b791c20112ebb4b628f5b95c
2024-08-25 19:05:27,914 - main - INFO - Fetching transactions for wallet: 0x349b0ed1520eae1472f57eac77e390a1ecb0c677
2024-08-25 19:05:29,122 - main - ERROR - API Error for 0x349b0ed1520eae1472f57eac77e390a1ecb0c677: {'status': '0', 'message': 'NOTOK', 'result': 'Max rate limit reached, please use API Key for higher rate limit'}
2024-08-25 19:05:29,123 - main - INFO - Processing transactions for wallet: 0x349b0ed1520eae1472f57eac77e390a1ecb0c677
2024-08-25 19:05:29,123 - main - WARNING - No outgoing transactions found for wallet: 0x349b0ed1520eae1472f57eac77e390a1ecb0c677
2024-08-25 19:05:29,123 - main - WARNING - No summary generated for wallet: 0x349b0ed1520eae1472f57eac77e390a1ecb0c677
2024-08-25 19:05:31,915 - main - INFO - Fetching transactions for wallet: 0x442775d9fcbcd269bbdb7677ebd7f7d34da5569f
2024-08-25 19:05:35,807 - main - INFO - Successfully fetched 44 transactions for 0x442775d9fcbcd269bbdb7677ebd7f7d34da5569f
2024-08-25 19:05:35,807 - main - INFO - Processing transactions for wallet: 0x442775d9fcbcd269bbdb7677ebd7f7d34da5569f
2024-08-25 19:05:35,807 - main - INFO - Processed 36 transactions for wallet: 0x442775d9fcbcd269bbdb7677ebd7f7d34da5569f
2024-08-25 19:05:35,807 - main - INFO - Updated cache for wallet: 0x442775d9fcbcd269bbdb7677ebd7f7d34da5569f
2024-08-25 19:05:35,915 - main - INFO - Fetching transactions for wallet: 0xeca4dcc2d6b0ab4a496a3bdec3ca07f95022cbdb
2024-08-25 19:05:36,747 - main - ERROR - API Error for 0xeca4dcc2d6b0ab4a496a3bdec3ca07f95022cbdb: {'status': '0', 'message': 'NOTOK', 'result': 'Max rate limit reached, please use API Key for higher rate limit'}
2024-08-25 19:05:36,748 - main - INFO - Processing transactions for wallet: 0xeca4dcc2d6b0ab4a496a3bdec3ca07f95022cbdb
2024-08-25 19:05:36,748 - main - WARNING - No outgoing transactions found for wallet: 0xeca4dcc2d6b0ab4a496a3bdec3ca07f95022cbdb
2024-08-25 19:05:36,748 - main - WARNING - No summary generated for wallet: 0xeca4dcc2d6b0ab4a496a3bdec3ca07f95022cbdb
2024-08-25 19:05:39,916 - main - INFO - Fetching transactions for wallet: 0xa3f21b162fa5a523e12590f2915ca418587cf626
2024-08-25 19:05:40,736 - main - ERROR - API Error for 0xa3f21b162fa5a523e12590f2915ca418587cf626: {'status': '0', 'message': 'NOTOK', 'result': 'Max rate limit reached, please use API Key for higher rate limit'}
2024-08-25 19:05:40,737 - main - INFO - Processing transactions for wallet: 0xa3f21b162fa5a523e12590f2915ca418587cf626
2024-08-25 19:05:40,737 - main - WARNING - No outgoing transactions found for wallet: 0xa3f21b162fa5a523e12590f2915ca418587cf626
2024-08-25 19:05:40,737 - main - WARNING - No summary generated for wallet: 0xa3f21b162fa5a523e12590f2915ca418587cf626
2024-08-25 19:05:43,917 - main - INFO - Fetching transactions for wallet: 0x68035843020b6c0cd94dd29c273fff13c8e9a914
2024-08-25 19:05:45,738 - main - INFO - Successfully fetched 2260 transactions for 0x68035843020b6c0cd94dd29c273fff13c8e9a914
2024-08-25 19:05:45,738 - main - INFO - Processing transactions for wallet: 0x68035843020b6c0cd94dd29c273fff13c8e9a914
2024-08-25 19:05:45,745 - main - INFO - Processed 2159 transactions for wallet: 0x68035843020b6c0cd94dd29c273fff13c8e9a914
2024-08-25 19:05:45,745 - main - INFO - Updated cache for wallet: 0x68035843020b6c0cd94dd29c273fff13c8e9a914
2024-08-25 19:05:47,918 - main - INFO - Fetching transactions for wallet: 0x858fcd36e5a8abd64b955b1e2a70f3f75a464afd
2024-08-25 19:05:48,863 - main - ERROR - API Error for 0x858fcd36e5a8abd64b955b1e2a70f3f75a464afd: {'status': '0', 'message': 'NOTOK', 'result': 'Max rate limit reached, please use API Key for higher rate limit'}
2024-08-25 19:05:48,864 - main - INFO - Processing transactions for wallet: 0x858fcd36e5a8abd64b955b1e2a70f3f75a464afd
2024-08-25 19:05:48,864 - main - WARNING - No outgoing transactions found for wallet: 0x858fcd36e5a8abd64b955b1e2a70f3f75a464afd
2024-08-25 19:05:48,864 - main - WARNING - No summary generated for wallet: 0x858fcd36e5a8abd64b955b1e2a70f3f75a464afd
2024-08-25 19:05:48,864 - main - INFO - Cache update completed. Next update in 18000 seconds
2024-08-25 19:06:59,281 - main - INFO - Received request for firms summary
2024-08-25 19:06:59,281 - main - WARNING - No cached summary for wallet: 0x1e198ad0608476efa952de1cd8e574db68df5f16. Fetching and processing...
2024-08-25 19:06:59,281 - main - INFO - Fetching transactions for wallet: 0x1e198ad0608476efa952de1cd8e574db68df5f16
2024-08-25 19:07:03,633 - main - INFO - Successfully fetched 10000 transactions for 0x1e198ad0608476efa952de1cd8e574db68df5f16
2024-08-25 19:07:03,633 - main - INFO - Processing transactions for wallet: 0x1e198ad0608476efa952de1cd8e574db68df5f16
2024-08-25 19:07:03,665 - main - INFO - Processed 9956 transactions for wallet: 0x1e198ad0608476efa952de1cd8e574db68df5f16
2024-08-25 19:07:03,666 - main - WARNING - No cached summary for wallet: 0x5534a2237f866f3089901a7d17f0e50dd7824c8de. Fetching and processing...
2024-08-25 19:07:03,666 - main - INFO - Fetching transactions for wallet: 0x5534a2237f866f3089901a7d17f0e50dd7824c8de
2024-08-25 19:07:05,186 - main - ERROR - API Error for 0x5534a2237f866f3089901a7d17f0e50dd7824c8de: {'status': '0', 'message': 'NOTOK', 'result': 'Max rate limit reached, please use API Key for higher rate limit'}
2024-08-25 19:07:05,193 - main - INFO - Processing transactions for wallet: 0x5534a2237f866f3089901a7d17f0e50dd7824c8de
2024-08-25 19:07:05,194 - main - WARNING - No outgoing transactions found for wallet: 0x5534a2237f866f3089901a7d17f0e50dd7824c8de
2024-08-25 19:07:05,194 - main - ERROR - Failed to generate summary for wallet: 0x5534a2237f866f3089901a7d17f0e50dd7824c8de
2024-08-25 19:07:05,194 - main - WARNING - No cached summary for wallet: 0x349b0ed1520eae1472f57eac77e390a1ecb0c677. Fetching and processing...
2024-08-25 19:07:07,667 - main - INFO - Fetching transactions for wallet: 0x349b0ed1520eae1472f57eac77e390a1ecb0c677
2024-08-25 19:07:10,807 - main - INFO - Successfully fetched 2944 transactions for 0x349b0ed1520eae1472f57eac77e390a1ecb0c677
2024-08-25 19:07:10,808 - main - INFO - Processing transactions for wallet: 0x349b0ed1520eae1472f57eac77e390a1ecb0c677
2024-08-25 19:07:10,817 - main - INFO - Processed 2873 transactions for wallet: 0x349b0ed1520eae1472f57eac77e390a1ecb0c677
2024-08-25 19:07:10,817 - main - WARNING - No cached summary for wallet: 0xeca4dcc2d6b0ab4a496a3bdec3ca07f95022cbdb. Fetching and processing...
2024-08-25 19:07:11,669 - main - INFO - Fetching transactions for wallet: 0xeca4dcc2d6b0ab4a496a3bdec3ca07f95022cbdb
2024-08-25 19:07:14,202 - main - ERROR - API Error for 0xeca4dcc2d6b0ab4a496a3bdec3ca07f95022cbdb: {'status': '0', 'message': 'NOTOK', 'result': 'Max rate limit reached, please use API Key for higher rate limit'}
2024-08-25 19:07:14,203 - main - INFO - Processing transactions for wallet: 0xeca4dcc2d6b0ab4a496a3bdec3ca07f95022cbdb
2024-08-25 19:07:14,203 - main - WARNING - No outgoing transactions found for wallet: 0xeca4dcc2d6b0ab4a496a3bdec3ca07f95022cbdb
2024-08-25 19:07:14,203 - main - ERROR - Failed to generate summary for wallet: 0xeca4dcc2d6b0ab4a496a3bdec3ca07f95022cbdb
2024-08-25 19:07:14,203 - main - WARNING - No cached summary for wallet: 0xa3f21b162fa5a523e12590f2915ca418587cf626. Fetching and processing...
2024-08-25 19:07:15,671 - main - INFO - Fetching transactions for wallet: 0xa3f21b162fa5a523e12590f2915ca418587cf626
2024-08-25 19:07:17,748 - main - INFO - Successfully fetched 4284 transactions for 0xa3f21b162fa5a523e12590f2915ca418587cf626
2024-08-25 19:07:17,749 - main - INFO - Processing transactions for wallet: 0xa3f21b162fa5a523e12590f2915ca418587cf626
2024-08-25 19:07:17,767 - main - INFO - Processed 3997 transactions for wallet: 0xa3f21b162fa5a523e12590f2915ca418587cf626
2024-08-25 19:07:17,768 - main - WARNING - No cached summary for wallet: 0x858fcd36e5a8abd64b955b1e2a70f3f75a464afd. Fetching and processing...
2024-08-25 19:07:19,672 - main - INFO - Fetching transactions for wallet: 0x858fcd36e5a8abd64b955b1e2a70f3f75a464afd
2024-08-25 19:07:23,559 - main - INFO - Successfully fetched 897 transactions for 0x858fcd36e5a8abd64b955b1e2a70f3f75a464afd
2024-08-25 19:07:23,560 - main - INFO - Processing transactions for wallet: 0x858fcd36e5a8abd64b955b1e2a70f3f75a464afd
2024-08-25 19:07:23,563 - main - INFO - Processed 840 transactions for wallet: 0x858fcd36e5a8abd64b955b1e2a70f3f75a464afd
2024-08-25 19:07:23,563 - main - INFO - Returning summaries for 10 firms
2024-08-25 20:49:31,382 - main - INFO - Starting up the application
2024-08-25 20:49:31,382 - main - INFO - Starting cache update
2024-08-25 20:49:31,382 - main - INFO - Fetching transactions for wallet: 0xd3e70282420e6349ba3146bc299c4943f9782667
2024-08-25 20:49:32,358 - main - INFO - Successfully fetched 1470 transactions for 0xd3e70282420e6349ba3146bc299c4943f9782667
2024-08-25 20:49:32,358 - main - INFO - Processing transactions for wallet: 0xd3e70282420e6349ba3146bc299c4943f9782667
2024-08-25 20:49:32,363 - main - INFO - Processed 1352 transactions for wallet: 0xd3e70282420e6349ba3146bc299c4943f9782667
2024-08-25 20:49:32,363 - main - INFO - Updated cache for wallet: 0xd3e70282420e6349ba3146bc299c4943f9782667
2024-08-25 20:49:35,383 - main - INFO - Fetching transactions for wallet: 0x1e198ad0608476efa952de1cd8e574db68df5f16
2024-08-25 20:49:37,981 - main - INFO - Successfully fetched 10000 transactions for 0x1e198ad0608476efa952de1cd8e574db68df5f16
2024-08-25 20:49:37,983 - main - INFO - Processing transactions for wallet: 0x1e198ad0608476efa952de1cd8e574db68df5f16
2024-08-25 20:49:38,016 - main - INFO - Processed 9956 transactions for wallet: 0x1e198ad0608476efa952de1cd8e574db68df5f16
2024-08-25 20:49:38,017 - main - INFO - Updated cache for wallet: 0x1e198ad0608476efa952de1cd8e574db68df5f16
2024-08-25 20:49:39,384 - main - INFO - Fetching transactions for wallet: 0xd172b9c227361fcf6151e802e1f09c084964bdcd
2024-08-25 20:49:41,949 - main - INFO - Successfully fetched 7561 transactions for 0xd172b9c227361fcf6151e802e1f09c084964bdcd
2024-08-25 20:49:41,955 - main - INFO - Processing transactions for wallet: 0xd172b9c227361fcf6151e802e1f09c084964bdcd
2024-08-25 20:49:41,991 - main - INFO - Processed 7365 transactions for wallet: 0xd172b9c227361fcf6151e802e1f09c084964bdcd
2024-08-25 20:49:41,991 - main - INFO - Updated cache for wallet: 0xd172b9c227361fcf6151e802e1f09c084964bdcd
2024-08-25 20:49:43,385 - main - INFO - Fetching transactions for wallet: 0xd0d96d8ad9c5f92b66a3b0d721c70d31da582c38
2024-08-25 20:49:44,812 - main - INFO - Successfully fetched 941 transactions for 0xd0d96d8ad9c5f92b66a3b0d721c70d31da582c38
2024-08-25 20:49:44,815 - main - INFO - Processing transactions for wallet: 0xd0d96d8ad9c5f92b66a3b0d721c70d31da582c38
2024-08-25 20:49:44,818 - main - INFO - Processed 850 transactions for wallet: 0xd0d96d8ad9c5f92b66a3b0d721c70d31da582c38
2024-08-25 20:49:44,818 - main - INFO - Updated cache for wallet: 0xd0d96d8ad9c5f92b66a3b0d721c70d31da582c38
2024-08-25 20:49:47,387 - main - INFO - Fetching transactions for wallet: 0x5534a2237f866f3089901a7d17f0e50dd7824c8d
2024-08-25 20:49:50,235 - main - INFO - Successfully fetched 6082 transactions for 0x5534a2237f866f3089901a7d17f0e50dd7824c8d
2024-08-25 20:49:50,236 - main - INFO - Processing transactions for wallet: 0x5534a2237f866f3089901a7d17f0e50dd7824c8d
2024-08-25 20:49:50,254 - main - INFO - Processed 5960 transactions for wallet: 0x5534a2237f866f3089901a7d17f0e50dd7824c8d
2024-08-25 20:49:50,255 - main - INFO - Updated cache for wallet: 0x5534a2237f866f3089901a7d17f0e50dd7824c8d
2024-08-25 20:49:51,387 - main - INFO - Fetching transactions for wallet: 0xd19e945eeea57475b791c20112ebb4b628f5b95c
2024-08-25 20:49:52,779 - main - INFO - Successfully fetched 2117 transactions for 0xd19e945eeea57475b791c20112ebb4b628f5b95c
2024-08-25 20:49:52,783 - main - INFO - Processing transactions for wallet: 0xd19e945eeea57475b791c20112ebb4b628f5b95c
2024-08-25 20:49:52,795 - main - INFO - Processed 2027 transactions for wallet: 0xd19e945eeea57475b791c20112ebb4b628f5b95c
2024-08-25 20:49:52,795 - main - INFO - Updated cache for wallet: 0xd19e945eeea57475b791c20112ebb4b628f5b95c
2024-08-25 20:49:55,389 - main - INFO - Fetching transactions for wallet: 0x349b0ed1520eae1472f57eac77e390a1ecb0c677
2024-08-25 20:49:57,536 - main - INFO - Successfully fetched 2944 transactions for 0x349b0ed1520eae1472f57eac77e390a1ecb0c677
2024-08-25 20:49:57,538 - main - INFO - Processing transactions for wallet: 0x349b0ed1520eae1472f57eac77e390a1ecb0c677
2024-08-25 20:49:57,552 - main - INFO - Processed 2873 transactions for wallet: 0x349b0ed1520eae1472f57eac77e390a1ecb0c677
2024-08-25 20:49:57,553 - main - INFO - Updated cache for wallet: 0x349b0ed1520eae1472f57eac77e390a1ecb0c677
2024-08-25 20:49:59,389 - main - INFO - Fetching transactions for wallet: 0x442775d9fcbcd269bbdb7677ebd7f7d34da5569f
2024-08-25 20:50:00,106 - main - INFO - Successfully fetched 44 transactions for 0x442775d9fcbcd269bbdb7677ebd7f7d34da5569f
2024-08-25 20:50:00,107 - main - INFO - Processing transactions for wallet: 0x442775d9fcbcd269bbdb7677ebd7f7d34da5569f
2024-08-25 20:50:00,108 - main - INFO - Processed 36 transactions for wallet: 0x442775d9fcbcd269bbdb7677ebd7f7d34da5569f
2024-08-25 20:50:00,108 - main - INFO - Updated cache for wallet: 0x442775d9fcbcd269bbdb7677ebd7f7d34da5569f
2024-08-25 20:50:03,390 - main - INFO - Fetching transactions for wallet: 0xeca4dcc2d6b0ab4a496a3bdec3ca07f95022cbdb
2024-08-25 20:50:04,251 - main - INFO - Successfully fetched 568 transactions for 0xeca4dcc2d6b0ab4a496a3bdec3ca07f95022cbdb
2024-08-25 20:50:04,252 - main - INFO - Processing transactions for wallet: 0xeca4dcc2d6b0ab4a496a3bdec3ca07f95022cbdb
2024-08-25 20:50:04,255 - main - INFO - Processed 508 transactions for wallet: 0xeca4dcc2d6b0ab4a496a3bdec3ca07f95022cbdb
2024-08-25 20:50:04,255 - main - INFO - Updated cache for wallet: 0xeca4dcc2d6b0ab4a496a3bdec3ca07f95022cbdb
2024-08-25 20:50:07,391 - main - INFO - Fetching transactions for wallet: 0xa3f21b162fa5a523e12590f2915ca418587cf626
2024-08-25 20:50:09,070 - main - INFO - Successfully fetched 4284 transactions for 0xa3f21b162fa5a523e12590f2915ca418587cf626
2024-08-25 20:50:09,070 - main - INFO - Processing transactions for wallet: 0xa3f21b162fa5a523e12590f2915ca418587cf626
2024-08-25 20:50:09,086 - main - INFO - Processed 3997 transactions for wallet: 0xa3f21b162fa5a523e12590f2915ca418587cf626
2024-08-25 20:50:09,087 - main - INFO - Updated cache for wallet: 0xa3f21b162fa5a523e12590f2915ca418587cf626
2024-08-25 20:50:11,393 - main - INFO - Fetching transactions for wallet: 0x68035843020b6c0cd94dd29c273fff13c8e9a914
2024-08-25 20:50:13,188 - main - INFO - Successfully fetched 2260 transactions for 0x68035843020b6c0cd94dd29c273fff13c8e9a914
2024-08-25 20:50:13,190 - main - INFO - Processing transactions for wallet: 0x68035843020b6c0cd94dd29c273fff13c8e9a914
2024-08-25 20:50:13,197 - main - INFO - Processed 2159 transactions for wallet: 0x68035843020b6c0cd94dd29c273fff13c8e9a914
2024-08-25 20:50:13,197 - main - INFO - Updated cache for wallet: 0x68035843020b6c0cd94dd29c273fff13c8e9a914
2024-08-25 20:50:15,395 - main - INFO - Fetching transactions for wallet: 0x858fcd36e5a8abd64b955b1e2a70f3f75a464afd
2024-08-25 20:50:16,900 - main - INFO - Successfully fetched 897 transactions for 0x858fcd36e5a8abd64b955b1e2a70f3f75a464afd
2024-08-25 20:50:16,901 - main - INFO - Processing transactions for wallet: 0x858fcd36e5a8abd64b955b1e2a70f3f75a464afd
2024-08-25 20:50:16,904 - main - INFO - Processed 840 transactions for wallet: 0x858fcd36e5a8abd64b955b1e2a70f3f75a464afd
2024-08-25 20:50:16,904 - main - INFO - Updated cache for wallet: 0x858fcd36e5a8abd64b955b1e2a70f3f75a464afd
2024-08-25 20:50:19,397 - main - INFO - Fetching transactions for wallet: 0x36109f4d6804f391d830939c0c0e43efc41a7486
2024-08-25 20:50:21,771 - main - INFO - Successfully fetched 5351 transactions for 0x36109f4d6804f391d830939c0c0e43efc41a7486
2024-08-25 20:50:21,771 - main - INFO - Processing transactions for wallet: 0x36109f4d6804f391d830939c0c0e43efc41a7486
2024-08-25 20:50:21,790 - main - INFO - Processed 5185 transactions for wallet: 0x36109f4d6804f391d830939c0c0e43efc41a7486
2024-08-25 20:50:21,792 - main - INFO - Updated cache for wallet: 0x36109f4d6804f391d830939c0c0e43efc41a7486
2024-08-25 20:50:21,793 - main - INFO - Cache update completed. Next update in 18000 seconds
2024-08-25 20:51:02,819 - main - INFO - Received request for firms summary
2024-08-25 20:51:02,819 - main - INFO - Returning summaries for 13 firms
2024-08-25 22:34:00,213 - main - INFO - Starting up the application
2024-08-25 22:34:00,214 - main - INFO - Starting cache update
2024-08-25 22:34:00,214 - main - INFO - Fetching transactions for wallet: 0xd3e70282420e6349ba3146bc299c4943f9782667
2024-08-25 22:34:02,753 - main - INFO - Successfully fetched 1470 transactions for 0xd3e70282420e6349ba3146bc299c4943f9782667
2024-08-25 22:34:02,754 - main - INFO - Processing transactions for wallet: 0xd3e70282420e6349ba3146bc299c4943f9782667
2024-08-25 22:34:02,758 - main - INFO - Processed 1352 transactions for wallet: 0xd3e70282420e6349ba3146bc299c4943f9782667
2024-08-25 22:34:02,758 - main - INFO - Updated cache for wallet: 0xd3e70282420e6349ba3146bc299c4943f9782667
2024-08-25 22:34:04,215 - main - INFO - Fetching transactions for wallet: 0x1e198ad0608476efa952de1cd8e574db68df5f16
2024-08-25 22:34:11,536 - main - INFO - Successfully fetched 10000 transactions for 0x1e198ad0608476efa952de1cd8e574db68df5f16
2024-08-25 22:34:11,537 - main - INFO - Processing transactions for wallet: 0x1e198ad0608476efa952de1cd8e574db68df5f16
2024-08-25 22:34:11,569 - main - INFO - Processed 9956 transactions for wallet: 0x1e198ad0608476efa952de1cd8e574db68df5f16
2024-08-25 22:34:11,570 - main - INFO - Updated cache for wallet: 0x1e198ad0608476efa952de1cd8e574db68df5f16
2024-08-25 22:34:11,570 - main - INFO - Fetching transactions for wallet: 0xd172b9c227361fcf6151e802e1f09c084964bdcd
2024-08-25 22:34:15,383 - main - INFO - Successfully fetched 7561 transactions for 0xd172b9c227361fcf6151e802e1f09c084964bdcd
2024-08-25 22:34:15,389 - main - INFO - Processing transactions for wallet: 0xd172b9c227361fcf6151e802e1f09c084964bdcd
2024-08-25 22:34:15,426 - main - INFO - Processed 7365 transactions for wallet: 0xd172b9c227361fcf6151e802e1f09c084964bdcd
2024-08-25 22:34:15,426 - main - INFO - Updated cache for wallet: 0xd172b9c227361fcf6151e802e1f09c084964bdcd
2024-08-25 22:34:15,571 - main - INFO - Fetching transactions for wallet: 0xd0d96d8ad9c5f92b66a3b0d721c70d31da582c38
2024-08-25 22:34:18,114 - main - INFO - Successfully fetched 941 transactions for 0xd0d96d8ad9c5f92b66a3b0d721c70d31da582c38
2024-08-25 22:34:18,117 - main - INFO - Processing transactions for wallet: 0xd0d96d8ad9c5f92b66a3b0d721c70d31da582c38
2024-08-25 22:34:18,120 - main - INFO - Processed 850 transactions for wallet: 0xd0d96d8ad9c5f92b66a3b0d721c70d31da582c38
2024-08-25 22:34:18,120 - main - INFO - Updated cache for wallet: 0xd0d96d8ad9c5f92b66a3b0d721c70d31da582c38
2024-08-25 22:34:19,572 - main - INFO - Fetching transactions for wallet: 0x5534a2237f866f3089901a7d17f0e50dd7824c8d
2024-08-25 22:34:24,204 - main - INFO - Successfully fetched 6082 transactions for 0x5534a2237f866f3089901a7d17f0e50dd7824c8d
2024-08-25 22:34:24,207 - main - INFO - Processing transactions for wallet: 0x5534a2237f866f3089901a7d17f0e50dd7824c8d
2024-08-25 22:34:24,228 - main - INFO - Processed 5960 transactions for wallet: 0x5534a2237f866f3089901a7d17f0e50dd7824c8d
2024-08-25 22:34:24,228 - main - INFO - Updated cache for wallet: 0x5534a2237f866f3089901a7d17f0e50dd7824c8d
2024-08-25 22:34:24,228 - main - INFO - Fetching transactions for wallet: 0xd19e945eeea57475b791c20112ebb4b628f5b95c
2024-08-25 22:34:28,195 - main - INFO - Successfully fetched 2117 transactions for 0xd19e945eeea57475b791c20112ebb4b628f5b95c
2024-08-25 22:34:28,197 - main - INFO - Processing transactions for wallet: 0xd19e945eeea57475b791c20112ebb4b628f5b95c
2024-08-25 22:34:28,205 - main - INFO - Processed 2027 transactions for wallet: 0xd19e945eeea57475b791c20112ebb4b628f5b95c
2024-08-25 22:34:28,206 - main - INFO - Updated cache for wallet: 0xd19e945eeea57475b791c20112ebb4b628f5b95c
2024-08-25 22:34:28,229 - main - INFO - Fetching transactions for wallet: 0x349b0ed1520eae1472f57eac77e390a1ecb0c677
2024-08-25 22:34:32,023 - main - INFO - Successfully fetched 2944 transactions for 0x349b0ed1520eae1472f57eac77e390a1ecb0c677
2024-08-25 22:34:32,024 - main - INFO - Processing transactions for wallet: 0x349b0ed1520eae1472f57eac77e390a1ecb0c677
2024-08-25 22:34:32,035 - main - INFO - Processed 2873 transactions for wallet: 0x349b0ed1520eae1472f57eac77e390a1ecb0c677
2024-08-25 22:34:32,036 - main - INFO - Updated cache for wallet: 0x349b0ed1520eae1472f57eac77e390a1ecb0c677
2024-08-25 22:34:32,231 - main - INFO - Fetching transactions for wallet: 0x442775d9fcbcd269bbdb7677ebd7f7d34da5569f
2024-08-25 22:34:33,286 - main - INFO - Successfully fetched 44 transactions for 0x442775d9fcbcd269bbdb7677ebd7f7d34da5569f
2024-08-25 22:34:33,287 - main - INFO - Processing transactions for wallet: 0x442775d9fcbcd269bbdb7677ebd7f7d34da5569f
2024-08-25 22:34:33,287 - main - INFO - Processed 36 transactions for wallet: 0x442775d9fcbcd269bbdb7677ebd7f7d34da5569f
2024-08-25 22:34:33,287 - main - INFO - Updated cache for wallet: 0x442775d9fcbcd269bbdb7677ebd7f7d34da5569f
2024-08-25 22:34:36,231 - main - INFO - Fetching transactions for wallet: 0xeca4dcc2d6b0ab4a496a3bdec3ca07f95022cbdb
2024-08-25 22:34:38,837 - main - INFO - Successfully fetched 568 transactions for 0xeca4dcc2d6b0ab4a496a3bdec3ca07f95022cbdb
2024-08-25 22:34:38,838 - main - INFO - Processing transactions for wallet: 0xeca4dcc2d6b0ab4a496a3bdec3ca07f95022cbdb
2024-08-25 22:34:38,840 - main - INFO - Processed 508 transactions for wallet: 0xeca4dcc2d6b0ab4a496a3bdec3ca07f95022cbdb
2024-08-25 22:34:38,841 - main - INFO - Updated cache for wallet: 0xeca4dcc2d6b0ab4a496a3bdec3ca07f95022cbdb
2024-08-25 22:34:40,232 - main - INFO - Fetching transactions for wallet: 0xa3f21b162fa5a523e12590f2915ca418587cf626
2024-08-25 22:34:42,476 - main - INFO - Successfully fetched 4284 transactions for 0xa3f21b162fa5a523e12590f2915ca418587cf626
2024-08-25 22:34:42,476 - main - INFO - Processing transactions for wallet: 0xa3f21b162fa5a523e12590f2915ca418587cf626
2024-08-25 22:34:42,489 - main - INFO - Processed 3997 transactions for wallet: 0xa3f21b162fa5a523e12590f2915ca418587cf626
2024-08-25 22:34:42,490 - main - INFO - Updated cache for wallet: 0xa3f21b162fa5a523e12590f2915ca418587cf626
2024-08-25 22:34:44,232 - main - INFO - Fetching transactions for wallet: 0x68035843020b6c0cd94dd29c273fff13c8e9a914
2024-08-25 22:34:46,631 - main - INFO - Successfully fetched 2260 transactions for 0x68035843020b6c0cd94dd29c273fff13c8e9a914
2024-08-25 22:34:46,632 - main - INFO - Processing transactions for wallet: 0x68035843020b6c0cd94dd29c273fff13c8e9a914
2024-08-25 22:34:46,639 - main - INFO - Processed 2159 transactions for wallet: 0x68035843020b6c0cd94dd29c273fff13c8e9a914
2024-08-25 22:34:46,639 - main - INFO - Updated cache for wallet: 0x68035843020b6c0cd94dd29c273fff13c8e9a914
2024-08-25 22:34:47,200 - main - INFO - Starting up the application
2024-08-25 22:34:47,200 - main - INFO - Starting cache update
2024-08-25 22:34:47,200 - main - INFO - Fetching transactions for wallet: 0xd3e70282420e6349ba3146bc299c4943f9782667
2024-08-25 22:34:48,979 - main - INFO - Successfully fetched 1470 transactions for 0xd3e70282420e6349ba3146bc299c4943f9782667
2024-08-25 22:34:48,980 - main - INFO - Processing transactions for wallet: 0xd3e70282420e6349ba3146bc299c4943f9782667
2024-08-25 22:34:48,985 - main - INFO - Processed 1352 transactions for wallet: 0xd3e70282420e6349ba3146bc299c4943f9782667
2024-08-25 22:34:48,985 - main - INFO - Updated cache for wallet: 0xd3e70282420e6349ba3146bc299c4943f9782667
2024-08-25 22:34:51,201 - main - INFO - Fetching transactions for wallet: 0x1e198ad0608476efa952de1cd8e574db68df5f16
2024-08-25 22:34:55,777 - main - INFO - Successfully fetched 10000 transactions for 0x1e198ad0608476efa952de1cd8e574db68df5f16
2024-08-25 22:34:55,778 - main - INFO - Processing transactions for wallet: 0x1e198ad0608476efa952de1cd8e574db68df5f16
2024-08-25 22:34:55,810 - main - INFO - Processed 9956 transactions for wallet: 0x1e198ad0608476efa952de1cd8e574db68df5f16
2024-08-25 22:34:55,811 - main - INFO - Updated cache for wallet: 0x1e198ad0608476efa952de1cd8e574db68df5f16
2024-08-25 22:34:55,812 - main - INFO - Fetching transactions for wallet: 0xd172b9c227361fcf6151e802e1f09c084964bdcd
2024-08-25 22:34:59,715 - main - INFO - Successfully fetched 7561 transactions for 0xd172b9c227361fcf6151e802e1f09c084964bdcd
2024-08-25 22:34:59,719 - main - INFO - Processing transactions for wallet: 0xd172b9c227361fcf6151e802e1f09c084964bdcd
2024-08-25 22:34:59,752 - main - INFO - Processed 7365 transactions for wallet: 0xd172b9c227361fcf6151e802e1f09c084964bdcd
2024-08-25 22:34:59,753 - main - INFO - Updated cache for wallet: 0xd172b9c227361fcf6151e802e1f09c084964bdcd
2024-08-25 22:34:59,812 - main - INFO - Fetching transactions for wallet: 0xd0d96d8ad9c5f92b66a3b0d721c70d31da582c38
2024-08-25 22:35:01,804 - main - INFO - Successfully fetched 941 transactions for 0xd0d96d8ad9c5f92b66a3b0d721c70d31da582c38
2024-08-25 22:35:01,806 - main - INFO - Processing transactions for wallet: 0xd0d96d8ad9c5f92b66a3b0d721c70d31da582c38
2024-08-25 22:35:01,809 - main - INFO - Processed 850 transactions for wallet: 0xd0d96d8ad9c5f92b66a3b0d721c70d31da582c38
2024-08-25 22:35:01,809 - main - INFO - Updated cache for wallet: 0xd0d96d8ad9c5f92b66a3b0d721c70d31da582c38
2024-08-25 22:35:03,813 - main - INFO - Fetching transactions for wallet: 0x5534a2237f866f3089901a7d17f0e50dd7824c8d
2024-08-25 22:35:07,842 - main - INFO - Successfully fetched 6082 transactions for 0x5534a2237f866f3089901a7d17f0e50dd7824c8d
2024-08-25 22:35:07,843 - main - INFO - Processing transactions for wallet: 0x5534a2237f866f3089901a7d17f0e50dd7824c8d
2024-08-25 22:35:07,863 - main - INFO - Processed 5960 transactions for wallet: 0x5534a2237f866f3089901a7d17f0e50dd7824c8d
2024-08-25 22:35:07,864 - main - INFO - Updated cache for wallet: 0x5534a2237f866f3089901a7d17f0e50dd7824c8d
2024-08-25 22:35:07,864 - main - INFO - Fetching transactions for wallet: 0xd19e945eeea57475b791c20112ebb4b628f5b95c
2024-08-25 22:35:08,757 - main - INFO - Starting up the application
2024-08-25 22:35:08,757 - main - INFO - Starting cache update
2024-08-25 22:35:08,757 - main - INFO - Fetching transactions for wallet: 0xd3e70282420e6349ba3146bc299c4943f9782667
